<?xml version="1.0" encoding="UTF-8"?>
<robot generator="Robot 6.1.1 (Python 3.8.10 on linux)" generated="20231119 01:17:51.742" rpa="false" schemaversion="4">
<suite id="s1" name="Pgw" source="/home/ubuntu/abdallah/robottest/pgw.robot">
<test id="s1-t1" name="My First Test" line="5">
<kw name="Create Session Request" library="csr">
<var>${base_pkt}</var>
<arg>${srs_ip}</arg>
<arg>${pgw_ip}</arg>
<arg>${IMSI}</arg>
<arg>${mcc}</arg>
<arg>${mnc}</arg>
<arg>${apn}</arg>
<msg timestamp="20231119 01:17:53.097" level="INFO">${base_pkt} = IP / UDP 10.1.1.16:36368 &gt; 10.1.1.180:2123 / GTPHeader / GTPV2CreateSessionRequest</msg>
<status status="PASS" starttime="20231119 01:17:53.083" endtime="20231119 01:17:53.097"/>
</kw>
<kw name="Fire" library="csr">
<var>${finalresult}</var>
<arg>${interface}</arg>
<arg>${base_pkt}</arg>
<msg timestamp="20231119 01:17:53.213" level="INFO">${finalresult} = 1</msg>
<status status="PASS" starttime="20231119 01:17:53.098" endtime="20231119 01:17:53.213"/>
</kw>
<doc>Send Create Session Request</doc>
<tag>First</tag>
<status status="PASS" starttime="20231119 01:17:53.082" endtime="20231119 01:17:53.213"/>
</test>
<status status="PASS" starttime="20231119 01:17:51.745" endtime="20231119 01:17:53.214"/>
</suite>
<statistics>
<total>
<stat pass="1" fail="0" skip="0">All Tests</stat>
</total>
<tag>
<stat pass="1" fail="0" skip="0">First</stat>
</tag>
<suite>
<stat pass="1" fail="0" skip="0" id="s1" name="Pgw">Pgw</stat>
</suite>
</statistics>
<errors>
<msg timestamp="20231119 01:17:53.029" level="ERROR">Error in library 'csr': Adding keyword 'Checksum' failed: Keyword with same name defined multiple times.</msg>
<msg timestamp="20231119 01:17:53.041" level="ERROR">Error in library 'csr': Adding keyword 'Dns Get Str' failed: Keyword with same name defined multiple times.</msg>
</errors>
</robot>
